<?xml version="1.0" encoding="UTF-8"?>
<!-- Generated by org.testng.reporters.JUnitReportReporter -->
<testsuite hostname="ISW-221119-1086" failures="0" tests="4" name="testcases.Showmax_Biller_Search_QTW_1535.Showmax_QTW_1535" time="64.132" errors="0" timestamp="2023-05-11T11:12:09 WAT" skipped="0">
  <testcase classname="testcases.Showmax_Biller_Search_QTW_1535.Showmax_QTW_1535" name="QuicktellerLandingPAge" time="12.938"/>
  <system-out>
    <![CDATA[The Method Name is: QuicktellerLandingPAge
The Status is: 1]]>
  </system-out>
  <testcase classname="testcases.Showmax_Biller_Search_QTW_1535.Showmax_QTW_1535" name="Quickteller_Search_Bar" time="15.798"/>
  <system-out>
    <![CDATA[The Method Name is: Quickteller_Search_Bar
The Status is: 1]]>
  </system-out>
  <testcase classname="testcases.Showmax_Biller_Search_QTW_1535.Showmax_QTW_1535" name="Loggedin_Biller_Search_Bar" time="19.038"/>
  <system-out>
    <![CDATA[The Method Name is: Loggedin_Biller_Search_Bar
The Status is: 1]]>
  </system-out>
  <testcase classname="testcases.Showmax_Biller_Search_QTW_1535.Showmax_QTW_1535" name="Biller_Search_Bar" time="16.358"/>
  <system-out>
    <![CDATA[The Method Name is: Biller_Search_Bar
The Status is: 1]]>
  </system-out>
</testsuite> <!-- testcases.Showmax_Biller_Search_QTW_1535.Showmax_QTW_1535 -->
