<?xml version="1.0" encoding="UTF-8"?>
<!-- Generated by org.testng.reporters.JUnitReportReporter -->
<testsuite hostname="ISW-221119-1086" failures="0" tests="1" name="step_definition.my_bet_sd" time="91.146" errors="0" timestamp="2023-12-15T16:04:07 WAT" skipped="0">
  <testcase classname="step_definition.my_bet_sd" name="select_three_random_games_and_select_odd_for_each" time="91.146"/>
</testsuite> <!-- step_definition.my_bet_sd -->
