<?xml version="1.0" encoding="UTF-8"?>
<!-- Generated by org.testng.reporters.JUnitReportReporter -->
<testsuite hostname="ISW-221119-1086" failures="0" tests="1" name="step_definition.Registration_sd" time="35.941" errors="0" timestamp="2023-12-13T08:37:03 WAT" skipped="0">
  <testcase classname="step_definition.Registration_sd" name="Navigate_To_Login_Page" time="35.941"/>
</testsuite> <!-- step_definition.Registration_sd -->
