<?xml version="1.0" encoding="UTF-8"?>
<!-- Generated by org.testng.reporters.JUnitReportReporter -->
<testsuite hostname="ISW-221119-1086" failures="0" tests="1" name="testcases.testtt2" time="110.024" errors="0" timestamp="2023-02-28T09:16:46 WAT" skipped="0">
  <testcase classname="testcases.testtt2" name="launch_browser" time="110.024"/>
  <system-out/>
</testsuite> <!-- testcases.testtt2 -->
