<?xml version="1.0" encoding="UTF-8"?>
<!-- Generated by org.testng.reporters.JUnitReportReporter -->
<testsuite hostname="ISW-221119-1086" failures="0" tests="1" name="base.Tester" time="34.071" errors="0" timestamp="2023-02-23T11:25:44 WAT" skipped="0">
  <testcase classname="base.Tester" name="login" time="34.071"/>
  <system-out/>
</testsuite> <!-- base.Tester -->
