<?xml version="1.0" encoding="UTF-8"?>
<!-- Generated by org.testng.reporters.JUnitReportReporter -->
<testsuite hostname="ISW-221119-1086" failures="0" tests="3" name="testcases.QTHomesHyperlinkQTW1493" time="402.155" errors="0" timestamp="2023-03-09T17:34:59 WAT" skipped="0">
  <testcase classname="testcases.QTHomesHyperlinkQTW1493" name="fromAnyPage" time="118.557"/>
  <system-out/>
  <testcase classname="testcases.QTHomesHyperlinkQTW1493" name="loggedIN" time="131.992"/>
  <system-out/>
  <testcase classname="testcases.QTHomesHyperlinkQTW1493" name="withoutLogin" time="151.606"/>
  <system-out/>
</testsuite> <!-- testcases.QTHomesHyperlinkQTW1493 -->
