<?xml version="1.0" encoding="UTF-8"?>
<!-- Generated by org.testng.reporters.JUnitReportReporter -->
<testsuite hostname="ISW-221119-1086" failures="0" tests="13" name="testcases.AnnouncementCardQTW1507" time="1587.838" errors="0" timestamp="2023-02-28T20:31:36 WAT" skipped="0">
  <testcase classname="testcases.AnnouncementCardQTW1507" name="AnnouncementCardIsPresentInQT" time="66.267"/>
  <system-out/>
  <testcase classname="testcases.AnnouncementCardQTW1507" name="NavigateToReferAfriendNoLink" time="107.506"/>
  <system-out/>
  <testcase classname="testcases.AnnouncementCardQTW1507" name="AnnouncementCardSwitchingResumed" time="123.396"/>
  <system-out/>
  <testcase classname="testcases.AnnouncementCardQTW1507" name="TotheNextSlide" time="85.785"/>
  <system-out/>
  <testcase classname="testcases.AnnouncementCardQTW1507" name="TothePreviousSlide" time="123.484"/>
  <system-out/>
  <testcase classname="testcases.AnnouncementCardQTW1507" name="NavigateToQTbot" time="93.411"/>
  <system-out/>
  <testcase classname="testcases.AnnouncementCardQTW1507" name="AnnouncementCardSwitchingisPaused" time="107.297"/>
  <system-out/>
  <testcase classname="testcases.AnnouncementCardQTW1507" name="NavigateToReferAfriendLinkCreated" time="129.308"/>
  <system-out/>
  <testcase classname="testcases.AnnouncementCardQTW1507" name="NavigateToQTTransport" time="173.460"/>
  <system-out/>
  <testcase classname="testcases.AnnouncementCardQTW1507" name="NavigateToQTLoans" time="170.131"/>
  <system-out/>
  <testcase classname="testcases.AnnouncementCardQTW1507" name="cancelAnnouncementCard" time="125.722"/>
  <system-out/>
  <testcase classname="testcases.AnnouncementCardQTW1507" name="SkiptheAnnouncementCard" time="103.470"/>
  <system-out/>
  <testcase classname="testcases.AnnouncementCardQTW1507" name="AnnouncementCardisNotDisplayedonsubsequentLogin" time="178.601"/>
  <system-out/>
</testsuite> <!-- testcases.AnnouncementCardQTW1507 -->
