<?xml version="1.0" encoding="UTF-8"?>
<!-- Generated by org.testng.reporters.JUnitReportReporter -->
<testsuite hostname="ISW-221119-1086" failures="0" tests="1" name="testcases.testtt" time="39.050" errors="0" timestamp="2023-05-14T14:30:07 WAT" skipped="0">
  <testcase classname="testcases.testtt" name="launch_browser" time="39.050"/>
  <system-out/>
</testsuite> <!-- testcases.testtt -->
