<?xml version="1.0" encoding="UTF-8"?>
<!-- Generated by org.testng.reporters.JUnitReportReporter -->
<testsuite hostname="ISW-221119-1086" failures="0" tests="3" name="testcases.QTHomesHyperlink" time="129.874" errors="0" timestamp="2023-02-20T08:25:44 WAT" skipped="0">
  <testcase classname="testcases.QTHomesHyperlink" name="fromAnyPage" time="41.897"/>
  <system-out>
    <![CDATA[The Method Name is: fromAnyPage
The Status is: 1]]>
  </system-out>
  <testcase classname="testcases.QTHomesHyperlink" name="loggedIN" time="44.233"/>
  <system-out>
    <![CDATA[The Method Name is: loggedIN
The Status is: 1]]>
  </system-out>
  <testcase classname="testcases.QTHomesHyperlink" name="withoutLogin" time="43.744"/>
  <system-out>
    <![CDATA[The Method Name is: withoutLogin
The Status is: 1]]>
  </system-out>
</testsuite> <!-- testcases.QTHomesHyperlink -->
