<?xml version="1.0" encoding="UTF-8"?>
<!-- Generated by org.testng.reporters.JUnitReportReporter -->
<testsuite hostname="ISW-221119-1086" failures="0" tests="7" name="testcases.Earnings_History_QTW_1568.Earnings_History" time="416.916" errors="0" timestamp="2023-11-02T10:54:58 WAT" skipped="0">
  <testcase classname="testcases.Earnings_History_QTW_1568.Earnings_History" name="TestCase_One" time="47.683">
    <system-out>
      <![CDATA[The Method Name is: TestCase_One
The Status is: 1]]>
    </system-out>
  </testcase> <!-- TestCase_One -->
  <testcase classname="testcases.Earnings_History_QTW_1568.Earnings_History" name="TestCase_Two" time="73.253">
    <system-out>
      <![CDATA[The Method Name is: TestCase_Two
The Status is: 1]]>
    </system-out>
  </testcase> <!-- TestCase_Two -->
  <testcase classname="testcases.Earnings_History_QTW_1568.Earnings_History" name="TestCase_Three" time="62.123">
    <system-out>
      <![CDATA[The Method Name is: TestCase_Three
The Status is: 1]]>
    </system-out>
  </testcase> <!-- TestCase_Three -->
  <testcase classname="testcases.Earnings_History_QTW_1568.Earnings_History" name="TestCase_Four" time="64.502">
    <system-out>
      <![CDATA[The Method Name is: TestCase_Four
The Status is: 1]]>
    </system-out>
  </testcase> <!-- TestCase_Four -->
  <testcase classname="testcases.Earnings_History_QTW_1568.Earnings_History" name="TestCase_Five" time="56.202">
    <system-out>
      <![CDATA[The Method Name is: TestCase_Five
The Status is: 1]]>
    </system-out>
  </testcase> <!-- TestCase_Five -->
  <testcase classname="testcases.Earnings_History_QTW_1568.Earnings_History" name="TestCase_Six" time="56.393">
    <system-out>
      <![CDATA[The Method Name is: TestCase_Six
The Status is: 1]]>
    </system-out>
  </testcase> <!-- TestCase_Six -->
  <testcase classname="testcases.Earnings_History_QTW_1568.Earnings_History" name="TestCase_Seven" time="56.760">
    <system-out>
      <![CDATA[The Method Name is: TestCase_Seven
The Status is: 1]]>
    </system-out>
  </testcase> <!-- TestCase_Seven -->
  <system-out>
    <![CDATA[The Method Name is: Testcase_One
The Status is: 1
The Method Name is: Testcase_Two
The Status is: 1
The Method Name is: TestCase_One
The Status is: 1
The Method Name is: TestCase_Two
The Status is: 1
The Method Name is: TestCase_Three
The Status is: 1
The Method Name is: TestCase_Four
The Status is: 1
The Method Name is: TestCase_Five
The Status is: 1
The Method Name is: TestCase_Six
The Status is: 1
The Method Name is: TestCase_Seven
The Status is: 1
The Method Name is: Successful_Transaction
The Status is: 1
The Method Name is: Transaction_History
The Status is: 1
The Method Name is: SixMonths_Transaction_History
The Status is: 1
The Method Name is: Filter_Transactions
The Status is: 1
The Method Name is: Request_For_transaction_Statement
The Status is: 1
The Method Name is: No_statement_Beyond_SixMonths
The Status is: 1
The Method Name is: Navigate_To_Trans_Statement_From_Prompt
The Status is: 1
The Method Name is: Submit_Request_Without_Start_End_Dates
The Status is: 1
The Method Name is: End_Date_Behind_Start_Date
The Status is: 1
The Method Name is: View_Senders_Name_Receipt
The Status is: 1
The Method Name is: View_Senders_Name_In_History
The Status is: 1
The Method Name is: fromAnyPage
The Status is: 1
The Method Name is: loggedIN
The Status is: 1
The Method Name is: withoutLogin
The Status is: 1
The Method Name is: AnnouncementCardIsPresentInQT
The Status is: 1
The Method Name is: NavigateToReferAfriendNoLink
The Status is: 1
The Method Name is: AnnouncementCardSwitchingResumed
The Status is: 1
The Method Name is: TotheNextSlide
The Status is: 1
The Method Name is: TothePreviousSlide
The Status is: 1
The Method Name is: NavigateToQTbot
The Status is: 1
The Method Name is: AnnouncementCardSwitchingisPaused
The Method Name is: NavigateToReferAfriendLinkCreated
The Method Name is: NavigateToQTTransport
The Method Name is: NavigateToQTLoans
The Method Name is: cancelAnnouncementCard
The Method Name is: SkiptheAnnouncementCard
The Method Name is: AnnouncementCardisNotDisplayedonsubsequentLogin
The Method Name is: After_Registration
The Method Name is: After_Registration
The cause is: java.lang.AssertionError: The following asserts failed:
expected [https://customerfeedback.interswitchgroup.com/] but found [https://quickteller-innovation.k8.isw.la/dashboard]
The Method Name is: Cannot_Access_Wealthhub
The Status is: 1
The Method Name is: Return_To_Service_Module
The Status is: 1
The Method Name is: Wealth_Hub_Intro_Page
The Status is: 1
The Method Name is: Wealth_Hub_Landing_Page
The Status is: 1
The Method Name is: Wealth_Hub_Investement_Page
The Status is: 1
The Method Name is: Inforware_Iframe
The Status is: 1]]>
  </system-out>
</testsuite> <!-- testcases.Earnings_History_QTW_1568.Earnings_History -->
